#
# A fatal error has been detected by the Java Runtime Environment:
#
#  Internal Error (t:/workspace/open/src/hotspot/share/interpreter/oopMapCache.cpp:110), pid=5928, tid=5252
#  Error: ShouldNotReachHere()
#
# JRE version: Java(TM) SE Runtime Environment (13.0.2+8) (build 13.0.2+8)
# Java VM: Java HotSpot(TM) 64-Bit Server VM (13.0.2+8, mixed mode, sharing, tiered, compressed oops, g1 gc, windows-amd64)
# No core dump will be written. Minidumps are not enabled by default on client versions of Windows
#
# If you would like to submit a bug report, please visit:
#   http://bugreport.java.com/bugreport/crash.jsp
#

---------------  S U M M A R Y ------------

Command Line: -agentlib:jdwp=transport=dt_socket,suspend=y,address=localhost:50650 -javaagent:C:\Users\user\eclipse\jee-2019-12\eclipse\configuration\org.eclipse.osgi\411\0\.cp\lib\javaagent-shaded.jar -Dfile.encoding=MS949 backj.Main

Host: Intel(R) Core(TM) i7-4790 CPU @ 3.60GHz, 8 cores, 7G,  Windows 10 , 64 bit Build 18362 (10.0.18362.778)
Time: Thu Jun  4 11:47:11 2020 ¢•eCN©ˆI°æ©ˆ C°ÕA®™®ˆA elapsed time: 374 seconds (0d 0h 6m 14s)

---------------  T H R E A D  ---------------

Current thread (0x0000012a7d1b6000):  JavaThread "JDWP Transport Listener: dt_socket" daemon [_thread_in_vm, id=5252, stack(0x00000001f4000000,0x00000001f4100000)]

Stack: [0x00000001f4000000,0x00000001f4100000]
Native frames: (J=compiled Java code, j=interpreted, Vv=VM code, C=native code)
V  [jvm.dll+0x624f9a]
V  [jvm.dll+0x770cfa]
V  [jvm.dll+0x7724af]
V  [jvm.dll+0x772a67]
V  [jvm.dll+0x24be8c]
V  [jvm.dll+0x24bdf3]
V  [jvm.dll+0x61420f]
V  [jvm.dll+0x613f6d]
V  [jvm.dll+0x5ddb03]
V  [jvm.dll+0x76840f]
V  [jvm.dll+0x4f6476]
V  [jvm.dll+0x7776dd]
V  [jvm.dll+0x4dc38b]
V  [jvm.dll+0x4a1130]
C  [jdwp.dll+0x7e65]


---------------  P R O C E S S  ---------------

Threads class SMR info:
_java_thread_list=0x0000012a7d3012a0, length=13, elements={
0x0000012a6c9ea800, 0x0000012a7c789000, 0x0000012a7c78d000, 0x0000012a7c7b0800,
0x0000012a7c7b1800, 0x0000012a7c7b3800, 0x0000012a7c7b8800, 0x0000012a7c7ba800,
0x0000012a7c770000, 0x0000012a7d1b6000, 0x0000012a7d1ba000, 0x0000012a7d1bd000,
0x0000012a7d2ff800
}

Java Threads: ( => current thread )
  0x0000012a6c9ea800 JavaThread "main" [_thread_blocked, id=8488, stack(0x00000001f3100000,0x00000001f3200000)]
  0x0000012a7c789000 JavaThread "Reference Handler" daemon [_thread_blocked, id=10968, stack(0x00000001f3800000,0x00000001f3900000)]
  0x0000012a7c78d000 JavaThread "Finalizer" daemon [_thread_blocked, id=1628, stack(0x00000001f3900000,0x00000001f3a00000)]
  0x0000012a7c7b0800 JavaThread "Signal Dispatcher" daemon [_thread_blocked, id=9068, stack(0x00000001f3a00000,0x00000001f3b00000)]
  0x0000012a7c7b1800 JavaThread "Attach Listener" daemon [_thread_blocked, id=3756, stack(0x00000001f3b00000,0x00000001f3c00000)]
  0x0000012a7c7b3800 JavaThread "C2 CompilerThread0" daemon [_thread_blocked, id=10068, stack(0x00000001f3c00000,0x00000001f3d00000)]
  0x0000012a7c7b8800 JavaThread "C1 CompilerThread0" daemon [_thread_blocked, id=4220, stack(0x00000001f3d00000,0x00000001f3e00000)]
  0x0000012a7c7ba800 JavaThread "Sweeper thread" daemon [_thread_blocked, id=3944, stack(0x00000001f3e00000,0x00000001f3f00000)]
  0x0000012a7c770000 JavaThread "Common-Cleaner" daemon [_thread_blocked, id=12000, stack(0x00000001f3f00000,0x00000001f4000000)]
=>0x0000012a7d1b6000 JavaThread "JDWP Transport Listener: dt_socket" daemon [_thread_in_vm, id=5252, stack(0x00000001f4000000,0x00000001f4100000)]
  0x0000012a7d1ba000 JavaThread "JDWP Event Helper Thread" daemon [_thread_blocked, id=11420, stack(0x00000001f4100000,0x00000001f4200000)]
  0x0000012a7d1bd000 JavaThread "JDWP Command Reader" daemon [_thread_in_native, id=4068, stack(0x00000001f4200000,0x00000001f4300000)]
  0x0000012a7d2ff800 JavaThread "Service Thread" daemon [_thread_blocked, id=6228, stack(0x00000001f4400000,0x00000001f4500000)]

Other Threads:
  0x0000012a7c787000 VMThread "VM Thread" [stack: 0x00000001f3700000,0x00000001f3800000] [id=6812]
  0x0000012a7d303800 WatcherThread [stack: 0x00000001f4500000,0x00000001f4600000] [id=6784]
  0x0000012a6ca2e800 GCTaskThread "GC Thread#0" [stack: 0x00000001f3200000,0x00000001f3300000] [id=5656]
  0x0000012a6ca41000 ConcurrentGCThread "G1 Main Marker" [stack: 0x00000001f3300000,0x00000001f3400000] [id=9224]
  0x0000012a6ca43000 ConcurrentGCThread "G1 Conc#0" [stack: 0x00000001f3400000,0x00000001f3500000] [id=4412]
  0x0000012a6cabd800 ConcurrentGCThread "G1 Refine#0" [stack: 0x00000001f3500000,0x00000001f3600000] [id=11552]
  0x0000012a7c606800 ConcurrentGCThread "G1 Young RemSet Sampling" [stack: 0x00000001f3600000,0x00000001f3700000] [id=3036]

Threads with active compile tasks:

VM state:not at safepoint (normal execution)

VM Mutex/Monitor currently owned by a thread: None

Heap address: 0x0000000081a00000, size: 2022 MB, Compressed Oops mode: 32-bit
Narrow klass base: 0x0000000800000000, Narrow klass shift: 3
Compressed class space size: 1073741824 Address: 0x0000000800b40000

Heap:
 garbage-first heap   total 131072K, used 4096K [0x0000000081a00000, 0x0000000100000000)
  region size 1024K, 5 young (5120K), 0 survivors (0K)
 Metaspace       used 2886K, capacity 4973K, committed 5120K, reserved 1056768K
  class space    used 268K, capacity 443K, committed 512K, reserved 1048576K
Heap Regions: E=young(eden), S=young(survivor), O=old, HS=humongous(starts), HC=humongous(continues), CS=collection set, F=free, A=archive, TAMS=top-at-mark-start (previous, next)
|   0|0x0000000081a00000, 0x0000000081a00000, 0x0000000081b00000|  0%| F|  |TAMS 0x0000000081a00000, 0x0000000081a00000| Untracked 
|   1|0x0000000081b00000, 0x0000000081b00000, 0x0000000081c00000|  0%| F|  |TAMS 0x0000000081b00000, 0x0000000081b00000| Untracked 
|   2|0x0000000081c00000, 0x0000000081c00000, 0x0000000081d00000|  0%| F|  |TAMS 0x0000000081c00000, 0x0000000081c00000| Untracked 
|   3|0x0000000081d00000, 0x0000000081d00000, 0x0000000081e00000|  0%| F|  |TAMS 0x0000000081d00000, 0x0000000081d00000| Untracked 
|   4|0x0000000081e00000, 0x0000000081e00000, 0x0000000081f00000|  0%| F|  |TAMS 0x0000000081e00000, 0x0000000081e00000| Untracked 
|   5|0x0000000081f00000, 0x0000000081f00000, 0x0000000082000000|  0%| F|  |TAMS 0x0000000081f00000, 0x0000000081f00000| Untracked 
|   6|0x0000000082000000, 0x0000000082000000, 0x0000000082100000|  0%| F|  |TAMS 0x0000000082000000, 0x0000000082000000| Untracked 
|   7|0x0000000082100000, 0x0000000082100000, 0x0000000082200000|  0%| F|  |TAMS 0x0000000082100000, 0x0000000082100000| Untracked 
|   8|0x0000000082200000, 0x0000000082200000, 0x0000000082300000|  0%| F|  |TAMS 0x0000000082200000, 0x0000000082200000| Untracked 
|   9|0x0000000082300000, 0x0000000082300000, 0x0000000082400000|  0%| F|  |TAMS 0x0000000082300000, 0x0000000082300000| Untracked 
|  10|0x0000000082400000, 0x0000000082400000, 0x0000000082500000|  0%| F|  |TAMS 0x0000000082400000, 0x0000000082400000| Untracked 
|  11|0x0000000082500000, 0x0000000082500000, 0x0000000082600000|  0%| F|  |TAMS 0x0000000082500000, 0x0000000082500000| Untracked 
|  12|0x0000000082600000, 0x0000000082600000, 0x0000000082700000|  0%| F|  |TAMS 0x0000000082600000, 0x0000000082600000| Untracked 
|  13|0x0000000082700000, 0x0000000082700000, 0x0000000082800000|  0%| F|  |TAMS 0x0000000082700000, 0x0000000082700000| Untracked 
|  14|0x0000000082800000, 0x0000000082800000, 0x0000000082900000|  0%| F|  |TAMS 0x0000000082800000, 0x0000000082800000| Untracked 
|  15|0x0000000082900000, 0x0000000082900000, 0x0000000082a00000|  0%| F|  |TAMS 0x0000000082900000, 0x0000000082900000| Untracked 
|  16|0x0000000082a00000, 0x0000000082a00000, 0x0000000082b00000|  0%| F|  |TAMS 0x0000000082a00000, 0x0000000082a00000| Untracked 
|  17|0x0000000082b00000, 0x0000000082b00000, 0x0000000082c00000|  0%| F|  |TAMS 0x0000000082b00000, 0x0000000082b00000| Untracked 
|  18|0x0000000082c00000, 0x0000000082c00000, 0x0000000082d00000|  0%| F|  |TAMS 0x0000000082c00000, 0x0000000082c00000| Untracked 
|  19|0x0000000082d00000, 0x0000000082d00000, 0x0000000082e00000|  0%| F|  |TAMS 0x0000000082d00000, 0x0000000082d00000| Untracked 
|  20|0x0000000082e00000, 0x0000000082e00000, 0x0000000082f00000|  0%| F|  |TAMS 0x0000000082e00000, 0x0000000082e00000| Untracked 
|  21|0x0000000082f00000, 0x0000000082f00000, 0x0000000083000000|  0%| F|  |TAMS 0x0000000082f00000, 0x0000000082f00000| Untracked 
|  22|0x0000000083000000, 0x0000000083000000, 0x0000000083100000|  0%| F|  |TAMS 0x0000000083000000, 0x0000000083000000| Untracked 
|  23|0x0000000083100000, 0x0000000083100000, 0x0000000083200000|  0%| F|  |TAMS 0x0000000083100000, 0x0000000083100000| Untracked 
|  24|0x0000000083200000, 0x0000000083200000, 0x0000000083300000|  0%| F|  |TAMS 0x0000000083200000, 0x0000000083200000| Untracked 
|  25|0x0000000083300000, 0x0000000083300000, 0x0000000083400000|  0%| F|  |TAMS 0x0000000083300000, 0x0000000083300000| Untracked 
|  26|0x0000000083400000, 0x0000000083400000, 0x0000000083500000|  0%| F|  |TAMS 0x0000000083400000, 0x0000000083400000| Untracked 
|  27|0x0000000083500000, 0x0000000083500000, 0x0000000083600000|  0%| F|  |TAMS 0x0000000083500000, 0x0000000083500000| Untracked 
|  28|0x0000000083600000, 0x0000000083600000, 0x0000000083700000|  0%| F|  |TAMS 0x0000000083600000, 0x0000000083600000| Untracked 
|  29|0x0000000083700000, 0x0000000083700000, 0x0000000083800000|  0%| F|  |TAMS 0x0000000083700000, 0x0000000083700000| Untracked 
|  30|0x0000000083800000, 0x0000000083800000, 0x0000000083900000|  0%| F|  |TAMS 0x0000000083800000, 0x0000000083800000| Untracked 
|  31|0x0000000083900000, 0x0000000083900000, 0x0000000083a00000|  0%| F|  |TAMS 0x0000000083900000, 0x0000000083900000| Untracked 
|  32|0x0000000083a00000, 0x0000000083a00000, 0x0000000083b00000|  0%| F|  |TAMS 0x0000000083a00000, 0x0000000083a00000| Untracked 
|  33|0x0000000083b00000, 0x0000000083b00000, 0x0000000083c00000|  0%| F|  |TAMS 0x0000000083b00000, 0x0000000083b00000| Untracked 
|  34|0x0000000083c00000, 0x0000000083c00000, 0x0000000083d00000|  0%| F|  |TAMS 0x0000000083c00000, 0x0000000083c00000| Untracked 
|  35|0x0000000083d00000, 0x0000000083d00000, 0x0000000083e00000|  0%| F|  |TAMS 0x0000000083d00000, 0x0000000083d00000| Untracked 
|  36|0x0000000083e00000, 0x0000000083e00000, 0x0000000083f00000|  0%| F|  |TAMS 0x0000000083e00000, 0x0000000083e00000| Untracked 
|  37|0x0000000083f00000, 0x0000000083f00000, 0x0000000084000000|  0%| F|  |TAMS 0x0000000083f00000, 0x0000000083f00000| Untracked 
|  38|0x0000000084000000, 0x0000000084000000, 0x0000000084100000|  0%| F|  |TAMS 0x0000000084000000, 0x0000000084000000| Untracked 
|  39|0x0000000084100000, 0x0000000084100000, 0x0000000084200000|  0%| F|  |TAMS 0x0000000084100000, 0x0000000084100000| Untracked 
|  40|0x0000000084200000, 0x0000000084200000, 0x0000000084300000|  0%| F|  |TAMS 0x0000000084200000, 0x0000000084200000| Untracked 
|  41|0x0000000084300000, 0x0000000084300000, 0x0000000084400000|  0%| F|  |TAMS 0x0000000084300000, 0x0000000084300000| Untracked 
|  42|0x0000000084400000, 0x0000000084400000, 0x0000000084500000|  0%| F|  |TAMS 0x0000000084400000, 0x0000000084400000| Untracked 
|  43|0x0000000084500000, 0x0000000084500000, 0x0000000084600000|  0%| F|  |TAMS 0x0000000084500000, 0x0000000084500000| Untracked 
|  44|0x0000000084600000, 0x0000000084600000, 0x0000000084700000|  0%| F|  |TAMS 0x0000000084600000, 0x0000000084600000| Untracked 
|  45|0x0000000084700000, 0x0000000084700000, 0x0000000084800000|  0%| F|  |TAMS 0x0000000084700000, 0x0000000084700000| Untracked 
|  46|0x0000000084800000, 0x0000000084800000, 0x0000000084900000|  0%| F|  |TAMS 0x0000000084800000, 0x0000000084800000| Untracked 
|  47|0x0000000084900000, 0x0000000084900000, 0x0000000084a00000|  0%| F|  |TAMS 0x0000000084900000, 0x0000000084900000| Untracked 
|  48|0x0000000084a00000, 0x0000000084a00000, 0x0000000084b00000|  0%| F|  |TAMS 0x0000000084a00000, 0x0000000084a00000| Untracked 
|  49|0x0000000084b00000, 0x0000000084b00000, 0x0000000084c00000|  0%| F|  |TAMS 0x0000000084b00000, 0x0000000084b00000| Untracked 
|  50|0x0000000084c00000, 0x0000000084c00000, 0x0000000084d00000|  0%| F|  |TAMS 0x0000000084c00000, 0x0000000084c00000| Untracked 
|  51|0x0000000084d00000, 0x0000000084d00000, 0x0000000084e00000|  0%| F|  |TAMS 0x0000000084d00000, 0x0000000084d00000| Untracked 
|  52|0x0000000084e00000, 0x0000000084e00000, 0x0000000084f00000|  0%| F|  |TAMS 0x0000000084e00000, 0x0000000084e00000| Untracked 
|  53|0x0000000084f00000, 0x0000000084f00000, 0x0000000085000000|  0%| F|  |TAMS 0x0000000084f00000, 0x0000000084f00000| Untracked 
|  54|0x0000000085000000, 0x0000000085000000, 0x0000000085100000|  0%| F|  |TAMS 0x0000000085000000, 0x0000000085000000| Untracked 
|  55|0x0000000085100000, 0x0000000085100000, 0x0000000085200000|  0%| F|  |TAMS 0x0000000085100000, 0x0000000085100000| Untracked 
|  56|0x0000000085200000, 0x0000000085200000, 0x0000000085300000|  0%| F|  |TAMS 0x0000000085200000, 0x0000000085200000| Untracked 
|  57|0x0000000085300000, 0x0000000085300000, 0x0000000085400000|  0%| F|  |TAMS 0x0000000085300000, 0x0000000085300000| Untracked 
|  58|0x0000000085400000, 0x0000000085400000, 0x0000000085500000|  0%| F|  |TAMS 0x0000000085400000, 0x0000000085400000| Untracked 
|  59|0x0000000085500000, 0x0000000085500000, 0x0000000085600000|  0%| F|  |TAMS 0x0000000085500000, 0x0000000085500000| Untracked 
|  60|0x0000000085600000, 0x0000000085600000, 0x0000000085700000|  0%| F|  |TAMS 0x0000000085600000, 0x0000000085600000| Untracked 
|  61|0x0000000085700000, 0x0000000085700000, 0x0000000085800000|  0%| F|  |TAMS 0x0000000085700000, 0x0000000085700000| Untracked 
|  62|0x0000000085800000, 0x0000000085800000, 0x0000000085900000|  0%| F|  |TAMS 0x0000000085800000, 0x0000000085800000| Untracked 
|  63|0x0000000085900000, 0x0000000085900000, 0x0000000085a00000|  0%| F|  |TAMS 0x0000000085900000, 0x0000000085900000| Untracked 
|  64|0x0000000085a00000, 0x0000000085a00000, 0x0000000085b00000|  0%| F|  |TAMS 0x0000000085a00000, 0x0000000085a00000| Untracked 
|  65|0x0000000085b00000, 0x0000000085b00000, 0x0000000085c00000|  0%| F|  |TAMS 0x0000000085b00000, 0x0000000085b00000| Untracked 
|  66|0x0000000085c00000, 0x0000000085c00000, 0x0000000085d00000|  0%| F|  |TAMS 0x0000000085c00000, 0x0000000085c00000| Untracked 
|  67|0x0000000085d00000, 0x0000000085d00000, 0x0000000085e00000|  0%| F|  |TAMS 0x0000000085d00000, 0x0000000085d00000| Untracked 
|  68|0x0000000085e00000, 0x0000000085e00000, 0x0000000085f00000|  0%| F|  |TAMS 0x0000000085e00000, 0x0000000085e00000| Untracked 
|  69|0x0000000085f00000, 0x0000000085f00000, 0x0000000086000000|  0%| F|  |TAMS 0x0000000085f00000, 0x0000000085f00000| Untracked 
|  70|0x0000000086000000, 0x0000000086000000, 0x0000000086100000|  0%| F|  |TAMS 0x0000000086000000, 0x0000000086000000| Untracked 
|  71|0x0000000086100000, 0x0000000086100000, 0x0000000086200000|  0%| F|  |TAMS 0x0000000086100000, 0x0000000086100000| Untracked 
|  72|0x0000000086200000, 0x0000000086200000, 0x0000000086300000|  0%| F|  |TAMS 0x0000000086200000, 0x0000000086200000| Untracked 
|  73|0x0000000086300000, 0x0000000086300000, 0x0000000086400000|  0%| F|  |TAMS 0x0000000086300000, 0x0000000086300000| Untracked 
|  74|0x0000000086400000, 0x0000000086400000, 0x0000000086500000|  0%| F|  |TAMS 0x0000000086400000, 0x0000000086400000| Untracked 
|  75|0x0000000086500000, 0x0000000086500000, 0x0000000086600000|  0%| F|  |TAMS 0x0000000086500000, 0x0000000086500000| Untracked 
|  76|0x0000000086600000, 0x0000000086600000, 0x0000000086700000|  0%| F|  |TAMS 0x0000000086600000, 0x0000000086600000| Untracked 
|  77|0x0000000086700000, 0x0000000086700000, 0x0000000086800000|  0%| F|  |TAMS 0x0000000086700000, 0x0000000086700000| Untracked 
|  78|0x0000000086800000, 0x0000000086800000, 0x0000000086900000|  0%| F|  |TAMS 0x0000000086800000, 0x0000000086800000| Untracked 
|  79|0x0000000086900000, 0x0000000086900000, 0x0000000086a00000|  0%| F|  |TAMS 0x0000000086900000, 0x0000000086900000| Untracked 
|  80|0x0000000086a00000, 0x0000000086a00000, 0x0000000086b00000|  0%| F|  |TAMS 0x0000000086a00000, 0x0000000086a00000| Untracked 
|  81|0x0000000086b00000, 0x0000000086b00000, 0x0000000086c00000|  0%| F|  |TAMS 0x0000000086b00000, 0x0000000086b00000| Untracked 
|  82|0x0000000086c00000, 0x0000000086c00000, 0x0000000086d00000|  0%| F|  |TAMS 0x0000000086c00000, 0x0000000086c00000| Untracked 
|  83|0x0000000086d00000, 0x0000000086d00000, 0x0000000086e00000|  0%| F|  |TAMS 0x0000000086d00000, 0x0000000086d00000| Untracked 
|  84|0x0000000086e00000, 0x0000000086e00000, 0x0000000086f00000|  0%| F|  |TAMS 0x0000000086e00000, 0x0000000086e00000| Untracked 
|  85|0x0000000086f00000, 0x0000000086f00000, 0x0000000087000000|  0%| F|  |TAMS 0x0000000086f00000, 0x0000000086f00000| Untracked 
|  86|0x0000000087000000, 0x0000000087000000, 0x0000000087100000|  0%| F|  |TAMS 0x0000000087000000, 0x0000000087000000| Untracked 
|  87|0x0000000087100000, 0x0000000087100000, 0x0000000087200000|  0%| F|  |TAMS 0x0000000087100000, 0x0000000087100000| Untracked 
|  88|0x0000000087200000, 0x0000000087200000, 0x0000000087300000|  0%| F|  |TAMS 0x0000000087200000, 0x0000000087200000| Untracked 
|  89|0x0000000087300000, 0x0000000087300000, 0x0000000087400000|  0%| F|  |TAMS 0x0000000087300000, 0x0000000087300000| Untracked 
|  90|0x0000000087400000, 0x0000000087400000, 0x0000000087500000|  0%| F|  |TAMS 0x0000000087400000, 0x0000000087400000| Untracked 
|  91|0x0000000087500000, 0x0000000087500000, 0x0000000087600000|  0%| F|  |TAMS 0x0000000087500000, 0x0000000087500000| Untracked 
|  92|0x0000000087600000, 0x0000000087600000, 0x0000000087700000|  0%| F|  |TAMS 0x0000000087600000, 0x0000000087600000| Untracked 
|  93|0x0000000087700000, 0x0000000087700000, 0x0000000087800000|  0%| F|  |TAMS 0x0000000087700000, 0x0000000087700000| Untracked 
|  94|0x0000000087800000, 0x0000000087800000, 0x0000000087900000|  0%| F|  |TAMS 0x0000000087800000, 0x0000000087800000| Untracked 
|  95|0x0000000087900000, 0x0000000087900000, 0x0000000087a00000|  0%| F|  |TAMS 0x0000000087900000, 0x0000000087900000| Untracked 
|  96|0x0000000087a00000, 0x0000000087a00000, 0x0000000087b00000|  0%| F|  |TAMS 0x0000000087a00000, 0x0000000087a00000| Untracked 
|  97|0x0000000087b00000, 0x0000000087b00000, 0x0000000087c00000|  0%| F|  |TAMS 0x0000000087b00000, 0x0000000087b00000| Untracked 
|  98|0x0000000087c00000, 0x0000000087c00000, 0x0000000087d00000|  0%| F|  |TAMS 0x0000000087c00000, 0x0000000087c00000| Untracked 
|  99|0x0000000087d00000, 0x0000000087d00000, 0x0000000087e00000|  0%| F|  |TAMS 0x0000000087d00000, 0x0000000087d00000| Untracked 
| 100|0x0000000087e00000, 0x0000000087e00000, 0x0000000087f00000|  0%| F|  |TAMS 0x0000000087e00000, 0x0000000087e00000| Untracked 
| 101|0x0000000087f00000, 0x0000000087f00000, 0x0000000088000000|  0%| F|  |TAMS 0x0000000087f00000, 0x0000000087f00000| Untracked 
| 102|0x0000000088000000, 0x0000000088000000, 0x0000000088100000|  0%| F|  |TAMS 0x0000000088000000, 0x0000000088000000| Untracked 
| 103|0x0000000088100000, 0x0000000088100000, 0x0000000088200000|  0%| F|  |TAMS 0x0000000088100000, 0x0000000088100000| Untracked 
| 104|0x0000000088200000, 0x0000000088200000, 0x0000000088300000|  0%| F|  |TAMS 0x0000000088200000, 0x0000000088200000| Untracked 
| 105|0x0000000088300000, 0x0000000088300000, 0x0000000088400000|  0%| F|  |TAMS 0x0000000088300000, 0x0000000088300000| Untracked 
| 106|0x0000000088400000, 0x0000000088400000, 0x0000000088500000|  0%| F|  |TAMS 0x0000000088400000, 0x0000000088400000| Untracked 
| 107|0x0000000088500000, 0x0000000088500000, 0x0000000088600000|  0%| F|  |TAMS 0x0000000088500000, 0x0000000088500000| Untracked 
| 108|0x0000000088600000, 0x0000000088600000, 0x0000000088700000|  0%| F|  |TAMS 0x0000000088600000, 0x0000000088600000| Untracked 
| 109|0x0000000088700000, 0x0000000088700000, 0x0000000088800000|  0%| F|  |TAMS 0x0000000088700000, 0x0000000088700000| Untracked 
| 110|0x0000000088800000, 0x0000000088800000, 0x0000000088900000|  0%| F|  |TAMS 0x0000000088800000, 0x0000000088800000| Untracked 
| 111|0x0000000088900000, 0x0000000088900000, 0x0000000088a00000|  0%| F|  |TAMS 0x0000000088900000, 0x0000000088900000| Untracked 
| 112|0x0000000088a00000, 0x0000000088a00000, 0x0000000088b00000|  0%| F|  |TAMS 0x0000000088a00000, 0x0000000088a00000| Untracked 
| 113|0x0000000088b00000, 0x0000000088b00000, 0x0000000088c00000|  0%| F|  |TAMS 0x0000000088b00000, 0x0000000088b00000| Untracked 
| 114|0x0000000088c00000, 0x0000000088c00000, 0x0000000088d00000|  0%| F|  |TAMS 0x0000000088c00000, 0x0000000088c00000| Untracked 
| 115|0x0000000088d00000, 0x0000000088d00000, 0x0000000088e00000|  0%| F|  |TAMS 0x0000000088d00000, 0x0000000088d00000| Untracked 
| 116|0x0000000088e00000, 0x0000000088e00000, 0x0000000088f00000|  0%| F|  |TAMS 0x0000000088e00000, 0x0000000088e00000| Untracked 
| 117|0x0000000088f00000, 0x0000000088f00000, 0x0000000089000000|  0%| F|  |TAMS 0x0000000088f00000, 0x0000000088f00000| Untracked 
| 118|0x0000000089000000, 0x0000000089000000, 0x0000000089100000|  0%| F|  |TAMS 0x0000000089000000, 0x0000000089000000| Untracked 
| 119|0x0000000089100000, 0x0000000089100000, 0x0000000089200000|  0%| F|  |TAMS 0x0000000089100000, 0x0000000089100000| Untracked 
| 120|0x0000000089200000, 0x0000000089200000, 0x0000000089300000|  0%| F|  |TAMS 0x0000000089200000, 0x0000000089200000| Untracked 
| 121|0x0000000089300000, 0x0000000089300000, 0x0000000089400000|  0%| F|  |TAMS 0x0000000089300000, 0x0000000089300000| Untracked 
| 122|0x0000000089400000, 0x0000000089400000, 0x0000000089500000|  0%| F|  |TAMS 0x0000000089400000, 0x0000000089400000| Untracked 
| 123|0x0000000089500000, 0x00000000895f78e0, 0x0000000089600000| 96%| E|  |TAMS 0x0000000089500000, 0x0000000089500000| Complete 
| 124|0x0000000089600000, 0x0000000089700000, 0x0000000089700000|100%| E|CS|TAMS 0x0000000089600000, 0x0000000089600000| Complete 
| 125|0x0000000089700000, 0x0000000089800000, 0x0000000089800000|100%| E|CS|TAMS 0x0000000089700000, 0x0000000089700000| Complete 
| 126|0x0000000089800000, 0x0000000089900000, 0x0000000089900000|100%| E|CS|TAMS 0x0000000089800000, 0x0000000089800000| Complete 
| 127|0x0000000089900000, 0x0000000089a00000, 0x0000000089a00000|100%| E|CS|TAMS 0x0000000089900000, 0x0000000089900000| Complete 

Card table byte_map: [0x0000012a75620000,0x0000012a75a20000] _byte_map_base: 0x0000012a75213000

Marking Bits (Prev, Next): (CMBitMap*) 0x0000012a6ca301a8, (CMBitMap*) 0x0000012a6ca301e8
 Prev Bits: [0x0000012a75e20000, 0x0000012a77db8000)
 Next Bits: [0x0000012a77dc0000, 0x0000012a79d58000)

Polling page: 0x0000012a6a9c0000

Metaspace:

Usage:
  Non-class:      4.42 MB capacity,     2.56 MB ( 58%) used,     1.86 MB ( 42%) free+waste,     2.81 KB ( <1%) overhead. 
      Class:    443.00 KB capacity,   268.50 KB ( 61%) used,   172.94 KB ( 39%) free+waste,     1.56 KB ( <1%) overhead. 
       Both:      4.86 MB capacity,     2.82 MB ( 58%) used,     2.03 MB ( 42%) free+waste,     4.38 KB ( <1%) overhead. 

Virtual space:
  Non-class space:        8.00 MB reserved,       4.50 MB ( 56%) committed 
      Class space:        1.00 GB reserved,     512.00 KB ( <1%) committed 
             Both:        1.01 GB reserved,       5.00 MB ( <1%) committed 

Chunk freelists:
   Non-Class:  14.00 KB
       Class:  5.00 KB
        Both:  19.00 KB

MaxMetaspaceSize: 17179869184.00 GB
CompressedClassSpaceSize: 1.00 GB

CodeHeap 'non-profiled nmethods': size=120000Kb used=120Kb max_used=120Kb free=119879Kb
 bounds [0x0000012a07ad0000, 0x0000012a07d40000, 0x0000012a0f000000]
CodeHeap 'profiled nmethods': size=120000Kb used=644Kb max_used=644Kb free=119355Kb
 bounds [0x0000012a005a0000, 0x0000012a00810000, 0x0000012a07ad0000]
CodeHeap 'non-nmethods': size=5760Kb used=1211Kb max_used=1232Kb free=4549Kb
 bounds [0x0000012a00000000, 0x0000012a00270000, 0x0000012a005a0000]
 total_blobs=1161 nmethods=427 adapters=281
 compilation: enabled
              stopped_count=0, restarted_count=0
 full_count=0

Compilation events (20 events):
Event: 253.892 Thread 0x0000012a7c7b8800  418       3       org.eclipse.jdt.launching.internal.org.objectweb.asm.Label::resolve (219 bytes)
Event: 253.892 Thread 0x0000012a7c7b8800 nmethod 418 0x0000012a0063c910 code [0x0000012a0063cb00, 0x0000012a0063d0f8]
Event: 253.892 Thread 0x0000012a7c7b8800  419       3       org.eclipse.jdt.launching.internal.org.objectweb.asm.SymbolTable::addConstantUtf8Reference (101 bytes)
Event: 253.896 Thread 0x0000012a7c7b8800 nmethod 419 0x0000012a0063d490 code [0x0000012a0063d6c0, 0x0000012a0063dde0]
Event: 253.896 Thread 0x0000012a7c7b8800  420       3       org.eclipse.jdt.launching.internal.org.objectweb.asm.Label::addLineNumber (89 bytes)
Event: 253.896 Thread 0x0000012a7c7b8800 nmethod 420 0x0000012a0063e190 code [0x0000012a0063e360, 0x0000012a0063e910]
Event: 253.896 Thread 0x0000012a7c7b8800  421       3       org.eclipse.jdt.launching.internal.org.objectweb.asm.MethodWriter::visitLineNumber (50 bytes)
Event: 253.896 Thread 0x0000012a7c7b8800 nmethod 421 0x0000012a0063ea90 code [0x0000012a0063ec80, 0x0000012a0063f1c0]
Event: 253.896 Thread 0x0000012a7c7b8800  423       3       org.eclipse.jdt.launching.internal.org.objectweb.asm.ClassReader::readShort (27 bytes)
Event: 253.897 Thread 0x0000012a7c7b8800 nmethod 423 0x0000012a0063f390 code [0x0000012a0063f540, 0x0000012a0063f738]
Event: 253.897 Thread 0x0000012a7c7b8800  424       1       org.eclipse.jdt.launching.internal.org.objectweb.asm.SymbolTable::getMajorVersion (5 bytes)
Event: 253.897 Thread 0x0000012a7c7b8800 nmethod 424 0x0000012a07aedc90 code [0x0000012a07aede20, 0x0000012a07aedf58]
Event: 253.897 Thread 0x0000012a7c7b8800  422       1       java.lang.Integer::intValue (5 bytes)
Event: 253.897 Thread 0x0000012a7c7b8800 nmethod 422 0x0000012a07aee010 code [0x0000012a07aee1a0, 0x0000012a07aee2d8]
Event: 261.289 Thread 0x0000012a7c7b8800  425       3       org.eclipse.jdt.launching.internal.org.objectweb.asm.SymbolTable::hash (15 bytes)
Event: 261.289 Thread 0x0000012a7c7b8800 nmethod 425 0x0000012a0063f810 code [0x0000012a0063f9c0, 0x0000012a0063fba0]
Event: 261.289 Thread 0x0000012a7c7b8800  426       3       org.eclipse.jdt.launching.internal.org.objectweb.asm.SymbolTable$Entry::<init> (18 bytes)
Event: 261.289 Thread 0x0000012a7c7b8800 nmethod 426 0x0000012a0063fd10 code [0x0000012a0063fec0, 0x0000012a006400d0]
Event: 261.289 Thread 0x0000012a7c7b8800  427       3       org.eclipse.jdt.launching.internal.org.objectweb.asm.MethodWriter::visitMethodInsn (191 bytes)
Event: 261.291 Thread 0x0000012a7c7b8800 nmethod 427 0x0000012a00640190 code [0x0000012a006403e0, 0x0000012a00640d70]

GC Heap History (0 events):
No events

Deoptimization events (20 events):
Event: 0.561 Thread 0x0000012a6c9ea800 DEOPT PACKING pc=0x0000012a006111a1 sp=0x00000001f31f8690
Event: 0.561 Thread 0x0000012a6c9ea800 DEOPT UNPACKING pc=0x0000012a0004964e sp=0x00000001f31f7b58 mode 0
Event: 0.561 Thread 0x0000012a6c9ea800 DEOPT PACKING pc=0x0000012a006111a1 sp=0x00000001f31f8690
Event: 0.561 Thread 0x0000012a6c9ea800 DEOPT UNPACKING pc=0x0000012a0004964e sp=0x00000001f31f7b58 mode 0
Event: 0.562 Thread 0x0000012a6c9ea800 DEOPT PACKING pc=0x0000012a006111a1 sp=0x00000001f31f8690
Event: 0.562 Thread 0x0000012a6c9ea800 DEOPT UNPACKING pc=0x0000012a0004964e sp=0x00000001f31f7b58 mode 0
Event: 0.562 Thread 0x0000012a6c9ea800 DEOPT PACKING pc=0x0000012a006111a1 sp=0x00000001f31f8690
Event: 0.562 Thread 0x0000012a6c9ea800 DEOPT UNPACKING pc=0x0000012a0004964e sp=0x00000001f31f7b58 mode 0
Event: 0.562 Thread 0x0000012a6c9ea800 DEOPT PACKING pc=0x0000012a006111a1 sp=0x00000001f31f8690
Event: 0.562 Thread 0x0000012a6c9ea800 DEOPT UNPACKING pc=0x0000012a0004964e sp=0x00000001f31f7b58 mode 0
Event: 0.563 Thread 0x0000012a6c9ea800 DEOPT PACKING pc=0x0000012a006111a1 sp=0x00000001f31f8690
Event: 0.563 Thread 0x0000012a6c9ea800 DEOPT UNPACKING pc=0x0000012a0004964e sp=0x00000001f31f7b58 mode 0
Event: 0.565 Thread 0x0000012a6c9ea800 DEOPT PACKING pc=0x0000012a006111a1 sp=0x00000001f31fb890
Event: 0.565 Thread 0x0000012a6c9ea800 DEOPT UNPACKING pc=0x0000012a0004964e sp=0x00000001f31fad58 mode 0
Event: 0.565 Thread 0x0000012a6c9ea800 DEOPT PACKING pc=0x0000012a006111a1 sp=0x00000001f31fb890
Event: 0.565 Thread 0x0000012a6c9ea800 DEOPT UNPACKING pc=0x0000012a0004964e sp=0x00000001f31fad58 mode 0
Event: 0.565 Thread 0x0000012a6c9ea800 DEOPT PACKING pc=0x0000012a006111a1 sp=0x00000001f31fb890
Event: 0.565 Thread 0x0000012a6c9ea800 DEOPT UNPACKING pc=0x0000012a0004964e sp=0x00000001f31fad58 mode 0
Event: 0.568 Thread 0x0000012a6c9ea800 DEOPT PACKING pc=0x0000012a006111a1 sp=0x00000001f31fb820
Event: 0.568 Thread 0x0000012a6c9ea800 DEOPT UNPACKING pc=0x0000012a0004964e sp=0x00000001f31face8 mode 0

Classes unloaded (0 events):
No events

Classes redefined (12 events):
Event: 38.609 Thread 0x0000012a7c787000 redefined class name=backj.Node, count=1
Event: 38.609 Thread 0x0000012a7c787000 redefined class name=backj.Main, count=1
Event: 53.783 Thread 0x0000012a7c787000 redefined class name=backj.Node, count=2
Event: 53.783 Thread 0x0000012a7c787000 redefined class name=backj.Main, count=2
Event: 132.827 Thread 0x0000012a7c787000 redefined class name=backj.Node, count=3
Event: 132.828 Thread 0x0000012a7c787000 redefined class name=backj.Main, count=3
Event: 134.873 Thread 0x0000012a7c787000 redefined class name=backj.Node, count=4
Event: 134.873 Thread 0x0000012a7c787000 redefined class name=backj.Main, count=4
Event: 253.893 Thread 0x0000012a7c787000 redefined class name=backj.Node, count=5
Event: 253.893 Thread 0x0000012a7c787000 redefined class name=backj.Main, count=5
Event: 261.290 Thread 0x0000012a7c787000 redefined class name=backj.Node, count=6
Event: 261.290 Thread 0x0000012a7c787000 redefined class name=backj.Main, count=6

Internal exceptions (1 events):
Event: 374.379 Thread 0x0000012a7d1b6000 Exception <a 'java/lang/LinkageError'{0x00000000895c65b0}> (0x00000000895c65b0) 
thrown [t:/workspace/open/src/hotspot/share/oops/generateOopMap.cpp, line 2140]

Events (20 events):
Event: 254.178 Executing VM operation: GetFrameCount
Event: 254.178 Executing VM operation: GetFrameCount done
Event: 254.178 Executing VM operation: GetOwnedMonitorInfo
Event: 254.178 Executing VM operation: GetOwnedMonitorInfo done
Event: 254.178 Executing VM operation: GetCurrentContendedMonitor
Event: 254.178 Executing VM operation: GetCurrentContendedMonitor done
Event: 261.289 Executing VM operation: RedefineClasses
Event: 261.291 Executing VM operation: RedefineClasses done
Event: 261.296 Executing VM operation: ChangeBreakpoints
Event: 261.296 Executing VM operation: ChangeBreakpoints done
Event: 261.297 Executing VM operation: GetFrameCount
Event: 261.297 Executing VM operation: GetFrameCount done
Event: 261.297 Executing VM operation: GetStackTrace
Event: 261.297 Executing VM operation: GetStackTrace done
Event: 261.574 Executing VM operation: GetFrameCount
Event: 261.574 Executing VM operation: GetFrameCount done
Event: 261.574 Executing VM operation: GetOwnedMonitorInfo
Event: 261.574 Executing VM operation: GetOwnedMonitorInfo done
Event: 261.574 Executing VM operation: GetCurrentContendedMonitor
Event: 261.574 Executing VM operation: GetCurrentContendedMonitor done


Dynamic libraries:
0x00007ff791390000 - 0x00007ff79139f000 	C:\Program Files\Java\jdk-13.0.2\bin\javaw.exe
0x00007ffb44ee0000 - 0x00007ffb450d0000 	C:\WINDOWS\SYSTEM32\ntdll.dll
0x00007ffb43310000 - 0x00007ffb433c2000 	C:\WINDOWS\System32\KERNEL32.DLL
0x00007ffb429f0000 - 0x00007ffb42c94000 	C:\WINDOWS\System32\KERNELBASE.dll
0x00007ffb42e90000 - 0x00007ffb42f8a000 	C:\WINDOWS\System32\ucrtbase.dll
0x00007ffb3eae0000 - 0x00007ffb3eaf8000 	C:\Program Files\Java\jdk-13.0.2\bin\jli.dll
0x00007ffb37990000 - 0x00007ffb379a5000 	C:\Program Files\Java\jdk-13.0.2\bin\VCRUNTIME140.dll
0x00007ffb43870000 - 0x00007ffb43913000 	C:\WINDOWS\System32\ADVAPI32.dll
0x00007ffb44900000 - 0x00007ffb4499e000 	C:\WINDOWS\System32\msvcrt.dll
0x00007ffb43070000 - 0x00007ffb43107000 	C:\WINDOWS\System32\sechost.dll
0x00007ffb431f0000 - 0x00007ffb43310000 	C:\WINDOWS\System32\RPCRT4.dll
0x00007ffb433d0000 - 0x00007ffb43564000 	C:\WINDOWS\System32\USER32.dll
0x00007ffb42ca0000 - 0x00007ffb42cc1000 	C:\WINDOWS\System32\win32u.dll
0x00007ffb43840000 - 0x00007ffb43866000 	C:\WINDOWS\System32\GDI32.dll
0x00007ffb42850000 - 0x00007ffb429e4000 	C:\WINDOWS\System32\gdi32full.dll
0x00007ffb42680000 - 0x00007ffb4271e000 	C:\WINDOWS\System32\msvcp_win.dll
0x00007ffb32e60000 - 0x00007ffb330e4000 	C:\WINDOWS\WinSxS\amd64_microsoft.windows.common-controls_6595b64144ccf1df_6.0.18362.836_none_e6c4b943130f18ed\COMCTL32.dll
0x00007ffb43920000 - 0x00007ffb43c56000 	C:\WINDOWS\System32\combase.dll
0x00007ffb427d0000 - 0x00007ffb42850000 	C:\WINDOWS\System32\bcryptPrimitives.dll
0x00007ffb35ef0000 - 0x00007ffb35efa000 	C:\WINDOWS\SYSTEM32\VERSION.dll
0x00007ffb43570000 - 0x00007ffb4359e000 	C:\WINDOWS\System32\IMM32.DLL
0x00007ffb378f0000 - 0x00007ffb3798b000 	C:\Program Files\Java\jdk-13.0.2\bin\msvcp140.dll
0x00007ffaf4c50000 - 0x00007ffaf57ad000 	C:\Program Files\Java\jdk-13.0.2\bin\server\jvm.dll
0x00007ffb43810000 - 0x00007ffb43818000 	C:\WINDOWS\System32\PSAPI.DLL
0x00007ffb3ea50000 - 0x00007ffb3ea74000 	C:\WINDOWS\SYSTEM32\WINMM.dll
0x00007ffb2c970000 - 0x00007ffb2c979000 	C:\WINDOWS\SYSTEM32\WSOCK32.dll
0x00007ffb435b0000 - 0x00007ffb4361f000 	C:\WINDOWS\System32\WS2_32.dll
0x00007ffb3ea20000 - 0x00007ffb3ea4d000 	C:\WINDOWS\SYSTEM32\winmmbase.dll
0x00007ffb42e40000 - 0x00007ffb42e8a000 	C:\WINDOWS\System32\cfgmgr32.dll
0x00007ffb41db0000 - 0x00007ffb41dc1000 	C:\WINDOWS\System32\kernel.appcore.dll
0x00007ffb3e600000 - 0x00007ffb3e610000 	C:\Program Files\Java\jdk-13.0.2\bin\verify.dll
0x00007ffb35c30000 - 0x00007ffb35e24000 	C:\WINDOWS\SYSTEM32\DBGHELP.DLL
0x00007ffb35710000 - 0x00007ffb3573a000 	C:\WINDOWS\SYSTEM32\dbgcore.DLL
0x00007ffb34420000 - 0x00007ffb34446000 	C:\Program Files\Java\jdk-13.0.2\bin\java.dll
0x00007ffb379b0000 - 0x00007ffb379e8000 	C:\Program Files\Java\jdk-13.0.2\bin\jdwp.dll
0x00007ffb3eab0000 - 0x00007ffb3eabe000 	C:\Program Files\Java\jdk-13.0.2\bin\instrument.dll
0x00007ffb32df0000 - 0x00007ffb32e07000 	C:\Program Files\Java\jdk-13.0.2\bin\zip.dll
0x00007ffb3e5f0000 - 0x00007ffb3e5fa000 	C:\Program Files\Java\jdk-13.0.2\bin\jimage.dll
0x00007ffb440d0000 - 0x00007ffb447b4000 	C:\WINDOWS\System32\SHELL32.dll
0x00007ffb43630000 - 0x00007ffb436d9000 	C:\WINDOWS\System32\shcore.dll
0x00007ffb41ed0000 - 0x00007ffb4264e000 	C:\WINDOWS\System32\windows.storage.dll
0x00007ffb41dd0000 - 0x00007ffb41df3000 	C:\WINDOWS\System32\profapi.dll
0x00007ffb41e20000 - 0x00007ffb41e6a000 	C:\WINDOWS\System32\powrprof.dll
0x00007ffb41da0000 - 0x00007ffb41db0000 	C:\WINDOWS\System32\UMPDC.dll
0x00007ffb42f90000 - 0x00007ffb42fe2000 	C:\WINDOWS\System32\shlwapi.dll
0x00007ffb42e20000 - 0x00007ffb42e37000 	C:\WINDOWS\System32\cryptsp.dll
0x00007ffb378e0000 - 0x00007ffb378eb000 	C:\Program Files\Java\jdk-13.0.2\bin\dt_socket.dll
0x00007ffb415b0000 - 0x00007ffb41617000 	C:\WINDOWS\system32\mswsock.dll
0x00007ffb41300000 - 0x00007ffb413cb000 	C:\WINDOWS\SYSTEM32\DNSAPI.dll
0x00007ffb435a0000 - 0x00007ffb435a8000 	C:\WINDOWS\System32\NSI.dll
0x00007ffb412c0000 - 0x00007ffb412fa000 	C:\WINDOWS\SYSTEM32\IPHLPAPI.DLL
0x00007ffb38460000 - 0x00007ffb3846a000 	C:\Windows\System32\rasadhlp.dll
0x00007ffb393a0000 - 0x00007ffb39417000 	C:\WINDOWS\System32\fwpuclnt.dll
0x00007ffb42650000 - 0x00007ffb42676000 	C:\WINDOWS\System32\bcrypt.dll
0x00007ffb32dc0000 - 0x00007ffb32dd9000 	C:\Program Files\Java\jdk-13.0.2\bin\net.dll
0x00007ffb38620000 - 0x00007ffb38710000 	C:\WINDOWS\SYSTEM32\WINHTTP.dll
0x00007ffb32da0000 - 0x00007ffb32db3000 	C:\Program Files\Java\jdk-13.0.2\bin\nio.dll

dbghelp: loaded successfully - version: 4.0.5 - missing functions: none
symbol engine: initialized successfully - sym options: 0x614 - pdb path: .;C:\Program Files\Java\jdk-13.0.2\bin;C:\WINDOWS\SYSTEM32;C:\WINDOWS\WinSxS\amd64_microsoft.windows.common-controls_6595b64144ccf1df_6.0.18362.836_none_e6c4b943130f18ed;C:\Program Files\Java\jdk-13.0.2\bin\server

VM Arguments:
jvm_args: -agentlib:jdwp=transport=dt_socket,suspend=y,address=localhost:50650 -javaagent:C:\Users\user\eclipse\jee-2019-12\eclipse\configuration\org.eclipse.osgi\411\0\.cp\lib\javaagent-shaded.jar -Dfile.encoding=MS949 
java_command: backj.Main
java_class_path (initial): C:\Users\user\Desktop\πÈ¡ÿ\Study\bin
Launcher Type: SUN_STANDARD

[Global flags]
     intx CICompilerCount                          = 4                                         {product} {ergonomic}
     uint ConcGCThreads                            = 2                                         {product} {ergonomic}
     uint G1ConcRefinementThreads                  = 8                                         {product} {ergonomic}
   size_t G1HeapRegionSize                         = 1048576                                   {product} {ergonomic}
    uintx GCDrainStackTargetSize                   = 64                                        {product} {ergonomic}
   size_t InitialHeapSize                          = 134217728                                 {product} {ergonomic}
   size_t MarkStackSize                            = 4194304                                   {product} {ergonomic}
   size_t MaxHeapSize                              = 2120220672                                {product} {ergonomic}
   size_t MaxNewSize                               = 1271922688                                {product} {ergonomic}
   size_t MinHeapDeltaBytes                        = 1048576                                   {product} {ergonomic}
   size_t MinHeapSize                              = 8388608                                   {product} {ergonomic}
    uintx NonNMethodCodeHeapSize                   = 5839372                                {pd product} {ergonomic}
    uintx NonProfiledCodeHeapSize                  = 122909434                              {pd product} {ergonomic}
    uintx ProfiledCodeHeapSize                     = 122909434                              {pd product} {ergonomic}
    uintx ReservedCodeCacheSize                    = 251658240                              {pd product} {ergonomic}
     bool SegmentedCodeCache                       = true                                      {product} {ergonomic}
   size_t SoftMaxHeapSize                          = 2120220672                             {manageable} {ergonomic}
     bool UseCompressedClassPointers               = true                                 {lp64_product} {ergonomic}
     bool UseCompressedOops                        = true                                 {lp64_product} {ergonomic}
     bool UseG1GC                                  = true                                      {product} {ergonomic}
     bool UseLargePagesIndividualAllocation        = false                                  {pd product} {ergonomic}

Logging:
Log output configuration:
 #0: stdout all=warning uptime,level,tags
 #1: stderr all=off uptime,level,tags

Environment Variables:
JAVA_HOME=C:\Program Files\Java\jdk-13.0.2
CLASSPATH= %classpath%;.
PATH=C:/Program Files/Java/jdk-13.0.2/bin/server;C:/Program Files/Java/jdk-13.0.2/bin;C:\Program Files (x86)\Common Files\Oracle\Java\javapath;C:\WINDOWS\system32;C:\WINDOWS;C:\WINDOWS\System32\Wbem;C:\WINDOWS\System32\WindowsPowerShell\v1.0\;C:\WINDOWS\System32\OpenSSH\;C:\Program Files\Java\jdk-13.0.2\bin;C:\Program Files\Git\cmd;C:\Users\user\AppData\Local\Microsoft\WindowsApps;;C:\Users\user\AppData\Local\Programs\Microsoft VS Code\bin;C:\WINDOWS\system32;
USERNAME=user
OS=Windows_NT
PROCESSOR_IDENTIFIER=Intel64 Family 6 Model 60 Stepping 3, GenuineIntel



---------------  S Y S T E M  ---------------

OS: Windows 10 , 64 bit Build 18362 (10.0.18362.778)

CPU:total 8 (initial active 8) (4 cores per cpu, 2 threads per core) family 6 model 60 stepping 3, cmov, cx8, fxsr, mmx, sse, sse2, sse3, ssse3, sse4.1, sse4.2, popcnt, avx, avx2, aes, clmul, erms, lzcnt, ht, tsc, tscinvbit, bmi1, bmi2, fma

Memory: 4k page, system-wide physical 8080M (2433M free)
TotalPageFile size 12432M (AvailPageFile size 3878M)
current process WorkingSet (physical memory assigned to process): 41M, peak: 42M
current process commit charge ("private bytes"): 216M, peak: 217M

vm_info: Java HotSpot(TM) 64-Bit Server VM (13.0.2+8) for windows-amd64 JRE (13.0.2+8), built on Dec 11 2019 09:20:33 by "mach5one" with unknown MS VC++:1916

END.
